#
# A fatal error has been detected by the Java Runtime Environment:
#
#  Internal Error (javaCalls.cpp:51), pid=11892, tid=0x00000000000061e8
#  guarantee(thread->is_Java_thread()) failed: crucial check - the VM thread cannot and must not escape to Java code
#
# JRE version: Java(TM) SE Runtime Environment (8.0_261-b12) (build 1.8.0_261-b12)
# Java VM: Java HotSpot(TM) 64-Bit Server VM (25.261-b12 mixed mode windows-amd64 compressed oops)
# Failed to write core dump. Minidumps are not enabled by default on client versions of Windows
#
# If you would like to submit a bug report, please visit:
#   http://bugreport.java.com/bugreport/crash.jsp
#

---------------  T H R E A D  ---------------

Current thread (0x00000148ae951000):  VMThread [stack: 0x000000277f100000,0x000000277f200000] [id=25064]

Stack: [0x000000277f100000,0x000000277f200000]
Native frames: (J=compiled Java code, j=interpreted, Vv=VM code, C=native code)
V  [jvm.dll+0x33e5f9]
V  [jvm.dll+0x2850e2]
V  [jvm.dll+0x285d8d]
V  [jvm.dll+0x27c817]
V  [jvm.dll+0x21aedd]
V  [jvm.dll+0x21b527]
V  [jvm.dll+0x33e512]
V  [jvm.dll+0x21bb51]
V  [jvm.dll+0x27d995]
V  [jvm.dll+0x27dbdd]
V  [jvm.dll+0x27dd29]
V  [jvm.dll+0x11aa58]
V  [jvm.dll+0x1165e4]
V  [jvm.dll+0x1184db]
V  [jvm.dll+0x118cee]
V  [jvm.dll+0x11635a]
V  [jvm.dll+0x1154ea]
V  [jvm.dll+0xdccbb]
V  [jvm.dll+0xdd864]
V  [jvm.dll+0x1222f4]
V  [jvm.dll+0x145520]
V  [jvm.dll+0x1c9491]
V  [jvm.dll+0x255637]
V  [jvm.dll+0x253da5]
V  [jvm.dll+0x25451c]
V  [jvm.dll+0x25482c]
V  [jvm.dll+0x2a1cfc]
C  [ucrtbase.dll+0x210b2]
C  [KERNEL32.DLL+0x17c24]
C  [ntdll.dll+0x6d4d1]

VM_Operation (0x000000277f6fef20): GetOrSetLocal, mode: safepoint, requested by thread 0x00000148b06ab000


---------------  P R O C E S S  ---------------

Java Threads: ( => current thread )
  0x00000148b4e2b000 JavaThread "task-4" [_thread_blocked, id=23104, stack(0x0000002704400000,0x0000002704500000)]
  0x00000148b4e2e800 JavaThread "logback-20" daemon [_thread_blocked, id=6464, stack(0x0000002704300000,0x0000002704400000)]
  0x00000148b4e2a000 JavaThread "logback-19" daemon [_thread_blocked, id=23036, stack(0x0000002704200000,0x0000002704300000)]
  0x00000148b4e29800 JavaThread "logback-18" daemon [_thread_blocked, id=24852, stack(0x0000002704100000,0x0000002704200000)]
  0x00000148b7d71000 JavaThread "logback-17" daemon [_thread_blocked, id=19860, stack(0x0000002702200000,0x0000002702300000)]
  0x00000148b7d76800 JavaThread "logback-16" daemon [_thread_blocked, id=9552, stack(0x0000002702000000,0x0000002702100000)]
  0x00000148b7d72800 JavaThread "logback-15" daemon [_thread_blocked, id=2816, stack(0x0000002700c00000,0x0000002700d00000)]
  0x00000148b7d6f000 JavaThread "logback-14" daemon [_thread_blocked, id=23540, stack(0x0000002701400000,0x0000002701500000)]
  0x00000148b2099000 JavaThread "logback-13" daemon [_thread_blocked, id=9180, stack(0x0000002701300000,0x0000002701400000)]
  0x00000148b2098800 JavaThread "task-3" [_thread_blocked, id=20180, stack(0x0000002700a00000,0x0000002700b00000)]
  0x00000148b209e800 JavaThread "QuartzScheduler_quartzScheduler-DESKTOP-IEOSI0M1607422143169_MisfireHandler" [_thread_blocked, id=22628, stack(0x0000002704600000,0x0000002704700000)]
  0x00000148b209d800 JavaThread "QuartzScheduler_quartzScheduler-DESKTOP-IEOSI0M1607422143169_ClusterManager" [_thread_blocked, id=21132, stack(0x0000002704500000,0x0000002704600000)]
  0x00000148b4e31000 JavaThread "http-nio-8585-Acceptor" daemon [_thread_in_native, id=25772, stack(0x0000002704000000,0x0000002704100000)]
  0x00000148b4e28000 JavaThread "http-nio-8585-ClientPoller" daemon [_thread_in_native, id=21748, stack(0x0000002703f00000,0x0000002704000000)]
  0x00000148b4e27000 JavaThread "http-nio-8585-exec-10" daemon [_thread_blocked, id=19328, stack(0x0000002703e00000,0x0000002703f00000)]
  0x00000148b57b8800 JavaThread "http-nio-8585-exec-9" daemon [_thread_blocked, id=18460, stack(0x0000002703c00000,0x0000002703d00000)]
  0x00000148b57b7000 JavaThread "http-nio-8585-exec-8" daemon [_thread_blocked, id=25124, stack(0x0000002703900000,0x0000002703a00000)]
  0x00000148b57b5800 JavaThread "http-nio-8585-exec-7" daemon [_thread_blocked, id=12600, stack(0x0000002703800000,0x0000002703900000)]
  0x00000148b57ae000 JavaThread "http-nio-8585-exec-6" daemon [_thread_blocked, id=13576, stack(0x0000002703700000,0x0000002703800000)]
  0x00000148b57b0000 JavaThread "http-nio-8585-exec-5" daemon [_thread_blocked, id=12624, stack(0x0000002703200000,0x0000002703300000)]
  0x00000148b57b3000 JavaThread "http-nio-8585-exec-4" daemon [_thread_blocked, id=18108, stack(0x0000002703100000,0x0000002703200000)]
  0x00000148b57b4800 JavaThread "http-nio-8585-exec-3" daemon [_thread_blocked, id=17708, stack(0x0000002703000000,0x0000002703100000)]
  0x00000148b57ad000 JavaThread "http-nio-8585-exec-2" daemon [_thread_blocked, id=23248, stack(0x0000002702f00000,0x0000002703000000)]
  0x00000148b57ab000 JavaThread "http-nio-8585-exec-1" daemon [_thread_blocked, id=10472, stack(0x0000002702800000,0x0000002702900000)]
  0x00000148b57af800 JavaThread "http-nio-8585-BlockPoller" daemon [_thread_in_native, id=17780, stack(0x0000002702300000,0x0000002702400000)]
  0x00000148b57ab800 JavaThread "File Watcher" daemon [_thread_blocked, id=24276, stack(0x0000002702100000,0x0000002702200000)]
  0x00000148b7d7c800 JavaThread "quartzScheduler_QuartzSchedulerThread" [_thread_blocked, id=24036, stack(0x0000002701f00000,0x0000002702000000)]
  0x00000148b7d7b800 JavaThread "quartzScheduler_Worker-10" [_thread_blocked, id=24448, stack(0x0000002701e00000,0x0000002701f00000)]
  0x00000148b7d7b000 JavaThread "quartzScheduler_Worker-9" [_thread_blocked, id=23140, stack(0x0000002701d00000,0x0000002701e00000)]
  0x00000148b7d78000 JavaThread "quartzScheduler_Worker-8" [_thread_blocked, id=18808, stack(0x0000002701c00000,0x0000002701d00000)]
  0x00000148b7d7a000 JavaThread "quartzScheduler_Worker-7" [_thread_blocked, id=24468, stack(0x0000002701b00000,0x0000002701c00000)]
  0x00000148b7d79800 JavaThread "quartzScheduler_Worker-6" [_thread_blocked, id=23536, stack(0x0000002701a00000,0x0000002701b00000)]
  0x00000148b7d78800 JavaThread "quartzScheduler_Worker-5" [_thread_blocked, id=25656, stack(0x0000002701900000,0x0000002701a00000)]
  0x00000148b7d70800 JavaThread "quartzScheduler_Worker-4" [_thread_blocked, id=16588, stack(0x0000002701800000,0x0000002701900000)]
  0x00000148b7d77000 JavaThread "quartzScheduler_Worker-3" [_thread_blocked, id=20280, stack(0x0000002701700000,0x0000002701800000)]
  0x00000148b7d6f800 JavaThread "quartzScheduler_Worker-2" [_thread_blocked, id=11380, stack(0x0000002701600000,0x0000002701700000)]
  0x00000148b7d72000 JavaThread "quartzScheduler_Worker-1" [_thread_blocked, id=24956, stack(0x0000002701500000,0x0000002701600000)]
  0x00000148b7d75800 JavaThread "container-0" [_thread_blocked, id=3376, stack(0x0000002701200000,0x0000002701300000)]
  0x00000148b7d75000 JavaThread "Catalina-utility-2" [_thread_blocked, id=25036, stack(0x0000002701100000,0x0000002701200000)]
  0x00000148b7d74000 JavaThread "Catalina-utility-1" [_thread_blocked, id=19948, stack(0x0000002700e00000,0x0000002700f00000)]
  0x00000148b7d6e000 JavaThread "HikariPool-5 housekeeper" daemon [_thread_blocked, id=14732, stack(0x0000002700b00000,0x0000002700c00000)]
  0x00000148b7d6d800 JavaThread "http-nio-8585-exec-45" daemon [_thread_blocked, id=14688, stack(0x0000002702900000,0x0000002702a00000)]
  0x00000148b7d73800 JavaThread "http-nio-8585-exec-44" daemon [_thread_blocked, id=21272, stack(0x0000002703d00000,0x0000002703e00000)]
  0x00000148b4e31800 JavaThread "http-nio-8585-exec-42" daemon [_thread_blocked, id=17600, stack(0x0000002703b00000,0x0000002703c00000)]
  0x00000148b4e32800 JavaThread "http-nio-8585-exec-41" daemon [_thread_blocked, id=25436, stack(0x0000002703a00000,0x0000002703b00000)]
  0x00000148b4e25000 JavaThread "http-nio-8585-exec-39" daemon [_thread_blocked, id=23060, stack(0x0000002702a00000,0x0000002702b00000)]
  0x00000148b4e2b800 JavaThread "http-nio-8585-exec-37" daemon [_thread_blocked, id=25428, stack(0x0000002702500000,0x0000002702600000)]
  0x00000148b4e26800 JavaThread "http-nio-8585-exec-33" daemon [_thread_blocked, id=11256, stack(0x0000002702d00000,0x0000002702e00000)]
  0x00000148b4e30000 JavaThread "http-nio-8585-exec-29" daemon [_thread_blocked, id=24984, stack(0x0000002703600000,0x0000002703700000)]
  0x00000148b4e24000 JavaThread "http-nio-8585-exec-17" daemon [_thread_blocked, id=18988, stack(0x0000002703500000,0x0000002703600000)]
  0x00000148b57b8000 JavaThread "http-nio-8585-exec-15" daemon [_thread_blocked, id=20716, stack(0x0000002703400000,0x0000002703500000)]
  0x00000148b57ba000 JavaThread "http-nio-8585-exec-13" daemon [_thread_blocked, id=5528, stack(0x0000002702700000,0x0000002702800000)]
  0x00000148b4e2f800 JavaThread "RMI TCP Connection(idle)" daemon [_thread_blocked, id=23828, stack(0x0000002703300000,0x0000002703400000)]
  0x00000148b4e2e000 JavaThread "http-nio-8585-exec-10" daemon [_thread_blocked, id=15300, stack(0x0000002702e00000,0x0000002702f00000)]
  0x00000148b4e2d000 JavaThread "http-nio-8585-exec-8" daemon [_thread_blocked, id=22220, stack(0x0000002702c00000,0x0000002702d00000)]
  0x00000148b4e25800 JavaThread "http-nio-8585-exec-7" daemon [_thread_blocked, id=1244, stack(0x0000002702b00000,0x0000002702c00000)]
  0x00000148b4e23800 JavaThread "http-nio-8585-exec-1" daemon [_thread_blocked, id=21972, stack(0x0000002702400000,0x0000002702500000)]
  0x00000148b57b2800 JavaThread "DestroyJavaVM" [_thread_blocked, id=6188, stack(0x000000277e300000,0x000000277e400000)]
  0x00000148b4e2c800 JavaThread "Live Reload Server" daemon [_thread_in_native, id=24556, stack(0x0000002702600000,0x0000002702700000)]
  0x00000148b209d000 JavaThread "mysql-cj-abandoned-connection-cleanup" daemon [_thread_blocked, id=14320, stack(0x0000002701000000,0x0000002701100000)]
  0x00000148b32cd000 JavaThread "JMX server connection timeout 34" daemon [_thread_blocked, id=11064, stack(0x0000002700f00000,0x0000002701000000)]
  0x00000148b32c0000 JavaThread "RMI Scheduler(0)" daemon [_thread_blocked, id=16544, stack(0x0000002700d00000,0x0000002700e00000)]
  0x00000148b23df000 JavaThread "RMI TCP Accept-0" daemon [_thread_in_native, id=22964, stack(0x0000002700800000,0x0000002700900000)]
  0x00000148b238a800 JavaThread "RMI TCP Accept-59152" daemon [_thread_in_native, id=5240, stack(0x0000002700700000,0x0000002700800000)]
  0x00000148b2373000 JavaThread "RMI TCP Accept-0" daemon [_thread_in_native, id=16500, stack(0x0000002700600000,0x0000002700700000)]
  0x00000148b20ef800 JavaThread "Service Thread" daemon [_thread_blocked, id=15004, stack(0x0000002700500000,0x0000002700600000)]
  0x00000148b209a800 JavaThread "C1 CompilerThread11" daemon [_thread_blocked, id=18800, stack(0x0000002700400000,0x0000002700500000)]
  0x00000148b209a000 JavaThread "C1 CompilerThread10" daemon [_thread_blocked, id=21824, stack(0x0000002700300000,0x0000002700400000)]
  0x00000148b209b800 JavaThread "C1 CompilerThread9" daemon [_thread_blocked, id=24816, stack(0x0000002700200000,0x0000002700300000)]
  0x00000148b206f800 JavaThread "C1 CompilerThread8" daemon [_thread_blocked, id=15276, stack(0x0000002700100000,0x0000002700200000)]
  0x00000148b205f000 JavaThread "C2 CompilerThread7" daemon [_thread_blocked, id=5032, stack(0x0000002700000000,0x0000002700100000)]
  0x00000148b2046000 JavaThread "C2 CompilerThread6" daemon [_thread_blocked, id=10704, stack(0x000000277ff00000,0x0000002780000000)]
  0x00000148b2005800 JavaThread "C2 CompilerThread5" daemon [_thread_blocked, id=23416, stack(0x000000277fe00000,0x000000277ff00000)]
  0x00000148b2002800 JavaThread "C2 CompilerThread4" daemon [_thread_blocked, id=23072, stack(0x000000277fd00000,0x000000277fe00000)]
  0x00000148b2002000 JavaThread "C2 CompilerThread3" daemon [_thread_blocked, id=4252, stack(0x000000277fc00000,0x000000277fd00000)]
  0x00000148b1fff000 JavaThread "C2 CompilerThread2" daemon [_thread_blocked, id=24768, stack(0x000000277fb00000,0x000000277fc00000)]
  0x00000148b200d000 JavaThread "C2 CompilerThread1" daemon [_thread_blocked, id=19916, stack(0x000000277fa00000,0x000000277fb00000)]
  0x00000148b200c800 JavaThread "C2 CompilerThread0" daemon [_thread_blocked, id=19924, stack(0x000000277f900000,0x000000277fa00000)]
  0x00000148b06b4000 JavaThread "JDWP Command Reader" daemon [_thread_in_native, id=23772, stack(0x000000277f800000,0x000000277f900000)]
  0x00000148b06ae800 JavaThread "JDWP Event Helper Thread" daemon [_thread_blocked, id=9096, stack(0x000000277f700000,0x000000277f800000)]
  0x00000148b06ab000 JavaThread "JDWP Transport Listener: dt_socket" daemon [_thread_blocked, id=25368, stack(0x000000277f600000,0x000000277f700000)]
  0x00000148b0683000 JavaThread "Attach Listener" daemon [_thread_blocked, id=9352, stack(0x000000277f500000,0x000000277f600000)]
  0x00000148b0682000 JavaThread "Signal Dispatcher" daemon [_thread_blocked, id=19276, stack(0x000000277f400000,0x000000277f500000)]
  0x00000148ae95a000 JavaThread "Finalizer" daemon [_thread_blocked, id=16124, stack(0x000000277f300000,0x000000277f400000)]
  0x00000148b0672000 JavaThread "Reference Handler" daemon [_thread_blocked, id=18684, stack(0x000000277f200000,0x000000277f300000)]

Other Threads:
=>0x00000148ae951000 VMThread [stack: 0x000000277f100000,0x000000277f200000] [id=25064]
  0x00000148b23dc000 WatcherThread [stack: 0x0000002700900000,0x0000002700a00000] [id=8788]

VM state:at safepoint (normal execution)

VM Mutex/Monitor currently owned by a thread:  ([mutex/lock_event])
[0x000001488a5103e0] Threads_lock - owner thread: 0x00000148ae951000

heap address: 0x00000005c2200000, size: 8158 MB, Compressed Oops mode: Zero based, Oop shift amount: 3
Narrow klass base: 0x0000000000000000, Narrow klass shift: 3
Compressed class space size: 1073741824 Address: 0x00000007c0000000

Heap:
 PSYoungGen      total 202240K, used 66488K [0x0000000716100000, 0x000000073d100000, 0x00000007c0000000)
  eden space 198144K, 31% used [0x0000000716100000,0x0000000719e36090,0x0000000722280000)
  from space 4096K, 92% used [0x000000073cd00000,0x000000073d0b8180,0x000000073d100000)
  to   space 14336K, 0% used [0x000000073b500000,0x000000073b500000,0x000000073c300000)
 ParOldGen       total 268288K, used 50347K [0x00000005c2200000, 0x00000005d2800000, 0x0000000716100000)
  object space 268288K, 18% used [0x00000005c2200000,0x00000005c532ac50,0x00000005d2800000)
 Metaspace       used 66472K, capacity 70918K, committed 71000K, reserved 1110016K
  class space    used 8870K, capacity 9591K, committed 9600K, reserved 1048576K

Card table byte_map: [0x000001489b270000,0x000001489c260000] byte_map_base: 0x000001489845f000

Marking Bits: (ParMarkBitMap*) 0x00000000537c4fb0
 Begin Bits: [0x000001489cd00000, 0x00000148a4c78000)
 End Bits:   [0x00000148a4c78000, 0x00000148acbf0000)

Polling page: 0x000001488a4b0000

CodeCache: size=245760Kb used=32695Kb max_used=32695Kb free=213064Kb
 bounds [0x000001488beb0000, 0x000001488deb0000, 0x000001489aeb0000]
 total_blobs=16071 nmethods=15429 adapters=558
 compilation: enabled

Compilation events (10 events):
Event: 5641.316 Thread 0x00000148b209a800 15565       1       java.net.SocketImpl::getInetAddress (5 bytes)
Event: 5641.316 Thread 0x00000148b209a800 nmethod 15565 0x000001488dea05d0 code [0x000001488dea0720, 0x000001488dea0838]
Event: 5641.322 Thread 0x00000148b209b800 15566       1       sun.rmi.transport.tcp.TCPTransport::access$600 (4 bytes)
Event: 5641.322 Thread 0x00000148b209b800 nmethod 15566 0x000001488dea0890 code [0x000001488dea09e0, 0x000001488dea0ad8]
Event: 5641.322 Thread 0x00000148b206f800 15567       1       java.io.InputStream::markSupported (2 bytes)
Event: 5641.322 Thread 0x00000148b206f800 nmethod 15567 0x000001488dea0b50 code [0x000001488dea0ca0, 0x000001488dea0db8]
Event: 5641.322 Thread 0x00000148b206f800 15568       1       sun.rmi.transport.tcp.TCPEndpoint::getClientSocketFactory (5 bytes)
Event: 5641.322 Thread 0x00000148b209a000 15569       1       sun.rmi.transport.tcp.TCPEndpoint::getServerSocketFactory (5 bytes)
Event: 5641.322 Thread 0x00000148b206f800 nmethod 15568 0x000001488dea0e10 code [0x000001488dea0f60, 0x000001488dea1078]
Event: 5641.322 Thread 0x00000148b209a000 nmethod 15569 0x000001488dea10d0 code [0x000001488dea1220, 0x000001488dea1338]

GC Heap History (10 events):
Event: 5466.457 GC heap before
{Heap before GC invocations=65 (full 7):
 PSYoungGen      total 241152K, used 222976K [0x0000000716100000, 0x000000073fe00000, 0x00000007c0000000)
  eden space 222208K, 100% used [0x0000000716100000,0x0000000723a00000,0x0000000723a00000)
  from space 18944K, 4% used [0x000000073d980000,0x000000073da40000,0x000000073ec00000)
  to   space 18432K, 0% used [0x000000073ec00000,0x000000073ec00000,0x000000073fe00000)
 ParOldGen       total 268288K, used 50115K [0x00000005c2200000, 0x00000005d2800000, 0x0000000716100000)
  object space 268288K, 18% used [0x00000005c2200000,0x00000005c52f0d58,0x00000005d2800000)
 Metaspace       used 66424K, capacity 70912K, committed 71000K, reserved 1110016K
  class space    used 8867K, capacity 9590K, committed 9600K, reserved 1048576K
Event: 5466.460 GC heap after
Heap after GC invocations=65 (full 7):
 PSYoungGen      total 218112K, used 704K [0x0000000716100000, 0x000000073ed00000, 0x00000007c0000000)
  eden space 217088K, 0% used [0x0000000716100000,0x0000000716100000,0x0000000723500000)
  from space 1024K, 68% used [0x000000073ec00000,0x000000073ecb0000,0x000000073ed00000)
  to   space 17920K, 0% used [0x000000073ca00000,0x000000073ca00000,0x000000073db80000)
 ParOldGen       total 268288K, used 50147K [0x00000005c2200000, 0x00000005d2800000, 0x0000000716100000)
  object space 268288K, 18% used [0x00000005c2200000,0x00000005c52f8d58,0x00000005d2800000)
 Metaspace       used 66424K, capacity 70912K, committed 71000K, reserved 1110016K
  class space    used 8867K, capacity 9590K, committed 9600K, reserved 1048576K
}
Event: 5525.956 GC heap before
{Heap before GC invocations=66 (full 7):
 PSYoungGen      total 218112K, used 217792K [0x0000000716100000, 0x000000073ed00000, 0x00000007c0000000)
  eden space 217088K, 100% used [0x0000000716100000,0x0000000723500000,0x0000000723500000)
  from space 1024K, 68% used [0x000000073ec00000,0x000000073ecb0000,0x000000073ed00000)
  to   space 17920K, 0% used [0x000000073ca00000,0x000000073ca00000,0x000000073db80000)
 ParOldGen       total 268288K, used 50147K [0x00000005c2200000, 0x00000005d2800000, 0x0000000716100000)
  object space 268288K, 18% used [0x00000005c2200000,0x00000005c52f8d58,0x00000005d2800000)
 Metaspace       used 66424K, capacity 70912K, committed 71000K, reserved 1110016K
  class space    used 8867K, capacity 9590K, committed 9600K, reserved 1048576K
Event: 5525.958 GC heap after
Heap after GC invocations=66 (full 7):
 PSYoungGen      total 229888K, used 704K [0x0000000716100000, 0x000000073ec80000, 0x00000007c0000000)
  eden space 211968K, 0% used [0x0000000716100000,0x0000000716100000,0x0000000723000000)
  from space 17920K, 3% used [0x000000073ca00000,0x000000073cab0000,0x000000073db80000)
  to   space 17408K, 0% used [0x000000073db80000,0x000000073db80000,0x000000073ec80000)
 ParOldGen       total 268288K, used 50211K [0x00000005c2200000, 0x00000005d2800000, 0x0000000716100000)
  object space 268288K, 18% used [0x00000005c2200000,0x00000005c5308d58,0x00000005d2800000)
 Metaspace       used 66424K, capacity 70912K, committed 71000K, reserved 1110016K
  class space    used 8867K, capacity 9590K, committed 9600K, reserved 1048576K
}
Event: 5572.160 GC heap before
{Heap before GC invocations=67 (full 7):
 PSYoungGen      total 229888K, used 212672K [0x0000000716100000, 0x000000073ec80000, 0x00000007c0000000)
  eden space 211968K, 100% used [0x0000000716100000,0x0000000723000000,0x0000000723000000)
  from space 17920K, 3% used [0x000000073ca00000,0x000000073cab0000,0x000000073db80000)
  to   space 17408K, 0% used [0x000000073db80000,0x000000073db80000,0x000000073ec80000)
 ParOldGen       total 268288K, used 50211K [0x00000005c2200000, 0x00000005d2800000, 0x0000000716100000)
  object space 268288K, 18% used [0x00000005c2200000,0x00000005c5308d58,0x00000005d2800000)
 Metaspace       used 66426K, capacity 70918K, committed 71000K, reserved 1110016K
  class space    used 8868K, capacity 9591K, committed 9600K, reserved 1048576K
Event: 5572.163 GC heap after
Heap after GC invocations=67 (full 7):
 PSYoungGen      total 208896K, used 1360K [0x0000000716100000, 0x000000073dd00000, 0x00000007c0000000)
  eden space 207360K, 0% used [0x0000000716100000,0x0000000716100000,0x0000000722b80000)
  from space 1536K, 88% used [0x000000073db80000,0x000000073dcd4050,0x000000073dd00000)
  to   space 16384K, 0% used [0x000000073bd00000,0x000000073bd00000,0x000000073cd00000)
 ParOldGen       total 268288K, used 50290K [0x00000005c2200000, 0x00000005d2800000, 0x0000000716100000)
  object space 268288K, 18% used [0x00000005c2200000,0x00000005c531cbf8,0x00000005d2800000)
 Metaspace       used 66426K, capacity 70918K, committed 71000K, reserved 1110016K
  class space    used 8868K, capacity 9591K, committed 9600K, reserved 1048576K
}
Event: 5630.957 GC heap before
{Heap before GC invocations=68 (full 7):
 PSYoungGen      total 208896K, used 208720K [0x0000000716100000, 0x000000073dd00000, 0x00000007c0000000)
  eden space 207360K, 100% used [0x0000000716100000,0x0000000722b80000,0x0000000722b80000)
  from space 1536K, 88% used [0x000000073db80000,0x000000073dcd4050,0x000000073dd00000)
  to   space 16384K, 0% used [0x000000073bd00000,0x000000073bd00000,0x000000073cd00000)
 ParOldGen       total 268288K, used 50290K [0x00000005c2200000, 0x00000005d2800000, 0x0000000716100000)
  object space 268288K, 18% used [0x00000005c2200000,0x00000005c531cbf8,0x00000005d2800000)
 Metaspace       used 66426K, capacity 70918K, committed 71000K, reserved 1110016K
  class space    used 8868K, capacity 9591K, committed 9600K, reserved 1048576K
Event: 5630.959 GC heap after
Heap after GC invocations=68 (full 7):
 PSYoungGen      total 219136K, used 3776K [0x0000000716100000, 0x000000073dc00000, 0x00000007c0000000)
  eden space 202752K, 0% used [0x0000000716100000,0x0000000716100000,0x0000000722700000)
  from space 16384K, 23% used [0x000000073bd00000,0x000000073c0b0180,0x000000073cd00000)
  to   space 15360K, 0% used [0x000000073cd00000,0x000000073cd00000,0x000000073dc00000)
 ParOldGen       total 268288K, used 50314K [0x00000005c2200000, 0x00000005d2800000, 0x0000000716100000)
  object space 268288K, 18% used [0x00000005c2200000,0x00000005c5322bf8,0x00000005d2800000)
 Metaspace       used 66426K, capacity 70918K, committed 71000K, reserved 1110016K
  class space    used 8868K, capacity 9591K, committed 9600K, reserved 1048576K
}
Event: 5677.868 GC heap before
{Heap before GC invocations=69 (full 7):
 PSYoungGen      total 219136K, used 206528K [0x0000000716100000, 0x000000073dc00000, 0x00000007c0000000)
  eden space 202752K, 100% used [0x0000000716100000,0x0000000722700000,0x0000000722700000)
  from space 16384K, 23% used [0x000000073bd00000,0x000000073c0b0180,0x000000073cd00000)
  to   space 15360K, 0% used [0x000000073cd00000,0x000000073cd00000,0x000000073dc00000)
 ParOldGen       total 268288K, used 50315K [0x00000005c2200000, 0x00000005d2800000, 0x0000000716100000)
  object space 268288K, 18% used [0x00000005c2200000,0x00000005c5322c50,0x00000005d2800000)
 Metaspace       used 66426K, capacity 70918K, committed 71000K, reserved 1110016K
  class space    used 8868K, capacity 9591K, committed 9600K, reserved 1048576K
Event: 5677.871 GC heap after
Heap after GC invocations=69 (full 7):
 PSYoungGen      total 202240K, used 3808K [0x0000000716100000, 0x000000073d100000, 0x00000007c0000000)
  eden space 198144K, 0% used [0x0000000716100000,0x0000000716100000,0x0000000722280000)
  from space 4096K, 92% used [0x000000073cd00000,0x000000073d0b8180,0x000000073d100000)
  to   space 14336K, 0% used [0x000000073b500000,0x000000073b500000,0x000000073c300000)
 ParOldGen       total 268288K, used 50347K [0x00000005c2200000, 0x00000005d2800000, 0x0000000716100000)
  object space 268288K, 18% used [0x00000005c2200000,0x00000005c532ac50,0x00000005d2800000)
 Metaspace       used 66426K, capacity 70918K, committed 71000K, reserved 1110016K
  class space    used 8868K, capacity 9591K, committed 9600K, reserved 1048576K
}

Deoptimization events (0 events):
No events

Classes redefined (10 events):
Event: 3777.657 Thread 0x00000148ae951000 redefined class name=org.iesalixar.bluisrochag.neomat.NeoMatApplication, count=1
Event: 3801.648 Thread 0x00000148ae951000 redefined class name=org.iesalixar.bluisrochag.neomat.controller.BuildingController, count=3
Event: 3801.678 Thread 0x00000148ae951000 redefined class name=org.iesalixar.bluisrochag.neomat.controller.BuildingController, count=1
Event: 3801.708 Thread 0x00000148ae951000 redefined class name=org.iesalixar.bluisrochag.neomat.controller.BuildingController, count=2
Event: 3801.739 Thread 0x00000148ae951000 redefined class name=org.iesalixar.bluisrochag.neomat.controller.BuildingController, count=1
Event: 5697.759 Thread 0x00000148ae951000 redefined class name=org.iesalixar.bluisrochag.neomat.controller.BuildingController, count=1
Event: 5697.790 Thread 0x00000148ae951000 redefined class name=org.iesalixar.bluisrochag.neomat.controller.BuildingController, count=4
Event: 5697.823 Thread 0x00000148ae951000 redefined class name=org.iesalixar.bluisrochag.neomat.controller.BuildingController, count=2
Event: 5697.854 Thread 0x00000148ae951000 redefined class name=org.iesalixar.bluisrochag.neomat.controller.BuildingController, count=3
Event: 5697.886 Thread 0x00000148ae951000 redefined class name=org.iesalixar.bluisrochag.neomat.controller.BuildingController, count=2

Internal exceptions (10 events):
Event: 3804.696 Thread 0x00000148b7d72800 Exception <a 'java/lang/ArrayIndexOutOfBoundsException'> (0x0000000723c78058) thrown at [C:\jenkins\workspace\8-2-build-windows-amd64-cygwin\jdk8u261\295\hotspot\src\share\vm\runtime\sharedRuntime.cpp, line 605]
Event: 3815.965 Thread 0x00000148b7d72000 Exception <a 'java/lang/ArrayIndexOutOfBoundsException'> (0x0000000724655288) thrown at [C:\jenkins\workspace\8-2-build-windows-amd64-cygwin\jdk8u261\295\hotspot\src\share\vm\runtime\sharedRuntime.cpp, line 605]
Event: 3815.999 Thread 0x00000148b7d72000 Exception <a 'java/lang/ArrayIndexOutOfBoundsException'> (0x0000000724f70490) thrown at [C:\jenkins\workspace\8-2-build-windows-amd64-cygwin\jdk8u261\295\hotspot\src\share\vm\runtime\sharedRuntime.cpp, line 605]
Event: 3816.000 Thread 0x00000148b7d72000 Exception <a 'java/lang/ArrayIndexOutOfBoundsException'> (0x0000000724f78c30) thrown at [C:\jenkins\workspace\8-2-build-windows-amd64-cygwin\jdk8u261\295\hotspot\src\share\vm\runtime\sharedRuntime.cpp, line 605]
Event: 3816.000 Thread 0x00000148b7d72000 Exception <a 'java/lang/ClassNotFoundException': java/lang/ObjectCustomizer> (0x0000000724f82850) thrown at [C:\jenkins\workspace\8-2-build-windows-amd64-cygwin\jdk8u261\295\hotspot\src\share\vm\classfile\systemDictionary.cpp, line 210]
Event: 3816.000 Thread 0x00000148b7d72000 Exception <a 'java/lang/ClassNotFoundException': org/iesalixar/bluisrochag/neomat/model/SettlementCustomizer> (0x0000000724f9e028) thrown at [C:\jenkins\workspace\8-2-build-windows-amd64-cygwin\jdk8u261\295\hotspot\src\share\vm\classfile\systemDictionary.
Event: 3955.034 Thread 0x00000148b57b7000 Exception <a 'java/lang/ArrayIndexOutOfBoundsException'> (0x000000072e3f98b0) thrown at [C:\jenkins\workspace\8-2-build-windows-amd64-cygwin\jdk8u261\295\hotspot\src\share\vm\runtime\sharedRuntime.cpp, line 605]
Event: 4419.349 Thread 0x00000148b4e27000 Exception <a 'java/io/IOException'> (0x000000072123e5b8) thrown at [C:\jenkins\workspace\8-2-build-windows-amd64-cygwin\jdk8u261\295\hotspot\src\share\vm\prims\jni.cpp, line 710]
Event: 4419.349 Thread 0x00000148b4e27000 Exception <a 'java/io/IOException'> (0x000000072124a870) thrown at [C:\jenkins\workspace\8-2-build-windows-amd64-cygwin\jdk8u261\295\hotspot\src\share\vm\prims\jni.cpp, line 710]
Event: 4419.349 Thread 0x00000148b4e27000 Exception <a 'java/io/IOException'> (0x000000072124b1d0) thrown at [C:\jenkins\workspace\8-2-build-windows-amd64-cygwin\jdk8u261\295\hotspot\src\share\vm\prims\jni.cpp, line 710]

Events (10 events):
Event: 5698.082 Executing VM operation: GetOwnedMonitorInfo done
Event: 5698.082 Executing VM operation: GetCurrentContendedMonitor
Event: 5698.082 Executing VM operation: GetCurrentContendedMonitor done
Event: 5698.082 Executing VM operation: GetOwnedMonitorInfo
Event: 5698.082 Executing VM operation: GetOwnedMonitorInfo done
Event: 5698.082 Executing VM operation: GetCurrentContendedMonitor
Event: 5698.083 Executing VM operation: GetCurrentContendedMonitor done
Event: 5698.083 Executing VM operation: GetOwnedMonitorInfo
Event: 5698.083 Executing VM operation: GetOwnedMonitorInfo done
Event: 5698.089 Executing VM operation: GetOrSetLocal


Dynamic libraries:
0x00007ff6e0d30000 - 0x00007ff6e0d77000 	D:\DAW\Proyecto_NeoMat\JDK8\bin\javaw.exe
0x00007fff43380000 - 0x00007fff43570000 	C:\Windows\SYSTEM32\ntdll.dll
0x00007fff41af0000 - 0x00007fff41ba2000 	C:\Windows\System32\KERNEL32.DLL
0x00007fff40360000 - 0x00007fff40605000 	C:\Windows\System32\KERNELBASE.dll
0x00007fff41630000 - 0x00007fff416d3000 	C:\Windows\System32\ADVAPI32.dll
0x00007fff431f0000 - 0x00007fff4328e000 	C:\Windows\System32\msvcrt.dll
0x00007fff43150000 - 0x00007fff431e7000 	C:\Windows\System32\sechost.dll
0x00007fff41cf0000 - 0x00007fff41e10000 	C:\Windows\System32\RPCRT4.dll
0x00007fff41490000 - 0x00007fff41624000 	C:\Windows\System32\USER32.dll
0x00007fff40330000 - 0x00007fff40351000 	C:\Windows\System32\win32u.dll
0x00007fff42ed0000 - 0x00007fff42ef6000 	C:\Windows\System32\GDI32.dll
0x00007fff40610000 - 0x00007fff407a6000 	C:\Windows\System32\gdi32full.dll
0x00007fff40810000 - 0x00007fff408ae000 	C:\Windows\System32\msvcp_win.dll
0x00007fff408b0000 - 0x00007fff409aa000 	C:\Windows\System32\ucrtbase.dll
0x00007fff2b860000 - 0x00007fff2bae4000 	C:\Windows\WinSxS\amd64_microsoft.windows.common-controls_6595b64144ccf1df_6.0.18362.1198_none_9e820b57e45ad92f\COMCTL32.dll
0x00007fff417b0000 - 0x00007fff41ae5000 	C:\Windows\System32\combase.dll
0x00007fff41300000 - 0x00007fff41380000 	C:\Windows\System32\bcryptPrimitives.dll
0x00007fff42e40000 - 0x00007fff42e6e000 	C:\Windows\System32\IMM32.DLL
0x00007fff25900000 - 0x00007fff25915000 	D:\DAW\Proyecto_NeoMat\JDK8\jre\bin\vcruntime140.dll
0x00007fff15870000 - 0x00007fff1590b000 	D:\DAW\Proyecto_NeoMat\JDK8\jre\bin\msvcp140.dll
0x0000000052fd0000 - 0x000000005383c000 	D:\DAW\Proyecto_NeoMat\JDK8\jre\bin\server\jvm.dll
0x00007fff41e80000 - 0x00007fff41e88000 	C:\Windows\System32\PSAPI.DLL
0x00007fff3b510000 - 0x00007fff3b519000 	C:\Windows\SYSTEM32\WSOCK32.dll
0x00007fff3e320000 - 0x00007fff3e344000 	C:\Windows\SYSTEM32\WINMM.dll
0x00007fff36ef0000 - 0x00007fff36efa000 	C:\Windows\SYSTEM32\VERSION.dll
0x00007fff425e0000 - 0x00007fff4264f000 	C:\Windows\System32\WS2_32.dll
0x00007fff3e2c0000 - 0x00007fff3e2ed000 	C:\Windows\SYSTEM32\WINMMBASE.dll
0x00007fff40b00000 - 0x00007fff40b4a000 	C:\Windows\System32\cfgmgr32.dll
0x00007fff402e0000 - 0x00007fff402f1000 	C:\Windows\System32\kernel.appcore.dll
0x00007fff32c10000 - 0x00007fff32c20000 	D:\DAW\Proyecto_NeoMat\JDK8\jre\bin\verify.dll
0x00007fff20be0000 - 0x00007fff20c0b000 	D:\DAW\Proyecto_NeoMat\JDK8\jre\bin\java.dll
0x00007fff20ba0000 - 0x00007fff20bd6000 	D:\DAW\Proyecto_NeoMat\JDK8\jre\bin\jdwp.dll
0x00007fff32a60000 - 0x00007fff32a69000 	D:\DAW\Proyecto_NeoMat\JDK8\jre\bin\npt.dll
0x00007fff18240000 - 0x00007fff18272000 	D:\DAW\Proyecto_NeoMat\JDK8\jre\bin\instrument.dll
0x00007fff20970000 - 0x00007fff20988000 	D:\DAW\Proyecto_NeoMat\JDK8\jre\bin\zip.dll
0x00007fff42750000 - 0x00007fff42e37000 	C:\Windows\System32\SHELL32.dll
0x00007fff43290000 - 0x00007fff43339000 	C:\Windows\System32\shcore.dll
0x00007fff40b50000 - 0x00007fff412d1000 	C:\Windows\System32\windows.storage.dll
0x00007fff40260000 - 0x00007fff40283000 	C:\Windows\System32\profapi.dll
0x00007fff40290000 - 0x00007fff402da000 	C:\Windows\System32\powrprof.dll
0x00007fff40230000 - 0x00007fff40240000 	C:\Windows\System32\UMPDC.dll
0x00007fff42660000 - 0x00007fff426b2000 	C:\Windows\System32\shlwapi.dll
0x00007fff412e0000 - 0x00007fff412f7000 	C:\Windows\System32\cryptsp.dll
0x00007fff2f580000 - 0x00007fff2f58a000 	D:\DAW\Proyecto_NeoMat\JDK8\jre\bin\dt_socket.dll
0x00007fff294b0000 - 0x00007fff294c6000 	C:\Windows\system32\napinsp.dll
0x00007fff25af0000 - 0x00007fff25b0a000 	C:\Windows\system32\pnrpnsp.dll
0x00007fff3fa80000 - 0x00007fff3fae7000 	C:\Windows\System32\mswsock.dll
0x00007fff3f7d0000 - 0x00007fff3f89b000 	C:\Windows\SYSTEM32\DNSAPI.dll
0x00007fff426c0000 - 0x00007fff426c8000 	C:\Windows\System32\NSI.dll
0x00007fff3f790000 - 0x00007fff3f7ca000 	C:\Windows\SYSTEM32\IPHLPAPI.DLL
0x00007fff27eb0000 - 0x00007fff27ebe000 	C:\Windows\System32\winrnr.dll
0x00007fff3c980000 - 0x00007fff3c99c000 	C:\Windows\system32\NLAapi.dll
0x00007fff255f0000 - 0x00007fff25605000 	C:\Windows\system32\wshbth.dll
0x0000000053ba0000 - 0x0000000053bc6000 	C:\Program Files\Bonjour\mdnsNSP.dll
0x00007fff39700000 - 0x00007fff39777000 	C:\Windows\System32\fwpuclnt.dll
0x00007fff40300000 - 0x00007fff40326000 	C:\Windows\System32\bcrypt.dll
0x00007fff37920000 - 0x00007fff3792a000 	C:\Windows\System32\rasadhlp.dll
0x00007fff2dd70000 - 0x00007fff2dd7d000 	D:\DAW\Proyecto_NeoMat\JDK8\jre\bin\management.dll
0x00007fff1d6d0000 - 0x00007fff1d6ec000 	D:\DAW\Proyecto_NeoMat\JDK8\jre\bin\net.dll
0x00007fff1d670000 - 0x00007fff1d683000 	D:\DAW\Proyecto_NeoMat\JDK8\jre\bin\nio.dll
0x00007fff3f590000 - 0x00007fff3f5c3000 	C:\Windows\system32\rsaenh.dll
0x00007fff40150000 - 0x00007fff40175000 	C:\Windows\SYSTEM32\USERENV.dll
0x00007fff3fc50000 - 0x00007fff3fc5c000 	C:\Windows\SYSTEM32\CRYPTBASE.dll
0x00007fff39dd0000 - 0x00007fff39de6000 	C:\Windows\SYSTEM32\dhcpcsvc6.DLL
0x00007fff39fa0000 - 0x00007fff39fbc000 	C:\Windows\SYSTEM32\dhcpcsvc.DLL
0x00007fff17d90000 - 0x00007fff17db4000 	D:\DAW\Proyecto_NeoMat\JDK8\jre\bin\sunec.dll
0x00007fff2dc30000 - 0x00007fff2dc3d000 	D:\DAW\Proyecto_NeoMat\JDK8\jre\bin\sunmscapi.dll
0x00007fff409b0000 - 0x00007fff40af9000 	C:\Windows\System32\CRYPT32.dll
0x00007fff40240000 - 0x00007fff40252000 	C:\Windows\System32\MSASN1.dll
0x00007fff3fd50000 - 0x00007fff3fd76000 	C:\Windows\SYSTEM32\ncrypt.dll
0x00007fff3fd10000 - 0x00007fff3fd4b000 	C:\Windows\SYSTEM32\NTASN1.dll
0x00007fff26b90000 - 0x00007fff26d84000 	C:\Windows\SYSTEM32\dbghelp.dll

VM Arguments:
jvm_args: -agentlib:jdwp=transport=dt_socket,suspend=y,address=localhost:59154 -Dcom.sun.management.jmxremote -Dcom.sun.management.jmxremote.port=59152 -Dcom.sun.management.jmxremote.authenticate=false -Dcom.sun.management.jmxremote.ssl=false -Djava.rmi.server.hostname=localhost -Dspring.jmx.enabled=true -Dspring.application.admin.enabled=true -Xverify:none -XX:TieredStopAtLevel=1 -Dspring.boot.project.name=NeoMat -javaagent:D:\VikingoRM\Instaladores\sts-4.8.0.RELEASE\configuration\org.eclipse.osgi\262\0\.cp\lib\javaagent-shaded.jar -Dfile.encoding=UTF-8 
java_command: org.iesalixar.bluisrochag.neomat.NeoMatApplication --spring.output.ansi.enabled=always
java_class_path (initial): D:\DAW\Proyecto_NeoMat\NeoMat\App\NeoMat\target\classes;C:\Users\blasr\.m2\repository\javax\servlet\jstl\1.2\jstl-1.2.jar;C:\Users\blasr\.m2\repository\org\springframework\boot\spring-boot-starter-data-jpa\2.3.5.RELEASE\spring-boot-starter-data-jpa-2.3.5.RELEASE.jar;C:\Users\blasr\.m2\repository\org\springframework\boot\spring-boot-starter-aop\2.3.5.RELEASE\spring-boot-starter-aop-2.3.5.RELEASE.jar;C:\Users\blasr\.m2\repository\org\springframework\spring-aop\5.2.10.RELEASE\spring-aop-5.2.10.RELEASE.jar;C:\Users\blasr\.m2\repository\org\aspectj\aspectjweaver\1.9.6\aspectjweaver-1.9.6.jar;C:\Users\blasr\.m2\repository\org\springframework\boot\spring-boot-starter-jdbc\2.3.5.RELEASE\spring-boot-starter-jdbc-2.3.5.RELEASE.jar;C:\Users\blasr\.m2\repository\com\zaxxer\HikariCP\3.4.5\HikariCP-3.4.5.jar;C:\Users\blasr\.m2\repository\org\springframework\spring-jdbc\5.2.10.RELEASE\spring-jdbc-5.2.10.RELEASE.jar;C:\Users\blasr\.m2\repository\jakarta\transaction\jakarta.transaction-api\1.3.3\jakarta.transaction-api-1.3.3.jar;C:\Users\blasr\.m2\repository\jakarta\persistence\jakarta.persistence-api\2.2.3\jakarta.persistence-api-2.2.3.jar;C:\Users\blasr\.m2\repository\org\hibernate\hibernate-core\5.4.22.Final\hibernate-core-5.4.22.Final.jar;C:\Users\blasr\.m2\repository\org\jboss\logging\jboss-logging\3.4.1.Final\jboss-logging-3.4.1.Final.jar;C:\Users\blasr\.m2\repository\org\javassist\javassist\3.24.0-GA\javassist-3.24.0-GA.jar;C:\Users\blasr\.m2\repository\net\bytebuddy\byte-buddy\1.10.17\byte-buddy-1.10.17.jar;C:\Users\blasr\.m2\repository\antlr\antlr\2.7.7\antlr-2.7.7.jar;C:\Users\blasr\.m2\repository\org\jboss\jandex\2.1.3.Final\jandex-2.1.3.Final.jar;C:\Users\blasr\.m2\repository\com\fasterxml\classmate\1.5.1\classmate-1.5.1.jar;C:\Users\blasr\.m2\repository\org\dom4j\dom4j\2.1.3\dom4j-2.1.3.jar;C:\Users\blasr\.m2\repository\org\hibernate\common\hibernate-commons-annotations\5.1.0.Final\hibernate-commons-annotations-5.1.0.Final.jar;C:\Users\blasr
Launcher Type: SUN_STANDARD

Environment Variables:
JAVA_HOME=C:\Program Files\Java\jdk1.8.0_251
CLASSPATH=C:\apache-cxf-3.2.7\lib
PATH=D:\DAW\Proyecto_NeoMat\JDK8\jre\bin;D:/VikingoRM/Instaladores/sts-4.8.0.RELEASE//plugins/org.eclipse.justj.openjdk.hotspot.jre.full.win32.x86_64_14.0.2.v20200815-0932/jre/bin/server;D:/VikingoRM/Instaladores/sts-4.8.0.RELEASE//plugins/org.eclipse.justj.openjdk.hotspot.jre.full.win32.x86_64_14.0.2.v20200815-0932/jre/bin;C:\Program Files\Python39\Scripts\;C:\Program Files\Python39\;C:\Program Files (x86)\Common Files\Oracle\Java\javapath;C:\Windows\system32;C:\Windows;C:\Windows\System32\Wbem;C:\Windows\System32\WindowsPowerShell\v1.0\;C:\Windows\System32\OpenSSH\;C:\Program Files\NVIDIA Corporation\NVIDIA NvDLISR;C:\Program Files (x86)\NVIDIA Corporation\PhysX\Common;C:\Program Files\Java\jdk1.8.0_251\bin;C:\apache-cxf-3.2.7\bin;D:\VikingoRM\Programas\Git\cmd;C:\Program Files\MySQL\MySQL Shell 8.0\bin\;C:\Users\blasr\AppData\Local\Microsoft\WindowsApps;C:\apache-cxf-3.2.7\bin;;D:\VikingoRM\Programas\VisualStudio\Microsoft VS Code\bin;D:\VikingoRM\Instaladores\sts-4.8.0.RELEASE;
USERNAME=blasr
OS=Windows_NT
PROCESSOR_IDENTIFIER=Intel64 Family 6 Model 158 Stepping 13, GenuineIntel



---------------  S Y S T E M  ---------------

OS: Windows 10.0 , 64 bit Build 18362 (10.0.18362.1110)

CPU:total 16 (initial active 16) (8 cores per cpu, 2 threads per core) family 6 model 158 stepping 13, cmov, cx8, fxsr, mmx, sse, sse2, sse3, ssse3, sse4.1, sse4.2, popcnt, avx, avx2, aes, clmul, erms, rtm, 3dnowpref, lzcnt, ht, tsc, tscinvbit, bmi1, bmi2, adx

Memory: 4k page, physical 33413320k(19130952k free), swap 38394056k(19771696k free)

vm_info: Java HotSpot(TM) 64-Bit Server VM (25.261-b12) for windows-amd64 JRE (1.8.0_261-b12), built on Jun 18 2020 06:56:32 by "" with unknown MS VC++:1916

time: Tue Dec  8 11:40:37 2020
timezone: Hora estándar romance
elapsed time: 5698 seconds (0d 1h 34m 58s)

